19/02/22 18:22:54 INFO nodemanager.NodeManager: STARTUP_MSG:
/************************************************************
STARTUP_MSG: Starting NodeManager
STARTUP_MSG:   host = DESKTOP-C3MTRKT/192.168.1.208
STARTUP_MSG:   args = []
STARTUP_MSG:   version = 2.7.2
STARTUP_MSG:   classpath = C:\work\hadoop-2.7.2\etc\hadoop;C:\work\hadoop-2.7.2\etc\hadoop;C:\work\hadoop-2.7.2\etc\hadoop;C:\work\hadoop-2.7.2\share\hadoop\common\lib\activation-1.1.jar;C:\work\hadoop-2.7.2\share\hadoop\common\lib\apacheds-i18n-2.0.0-M15.jar;C:\work\hadoop-2.7.2\share\hadoop\common\lib\apacheds-kerberos-codec-2.0.0-M15.jar;C:\work\hadoop-2.7.2\share\hadoop\common\lib\api-asn1-api-1.0.0-M20.jar;C:\work\hadoop-2.7.2\share\hadoop\common\lib\api-util-1.0.0-M20.jar;C:\work\hadoop-2.7.2\share\hadoop\common\lib\asm-3.2.jar;C:\work\hadoop-2.7.2\share\hadoop\common\lib\avro-1.7.4.jar;C:\work\hadoop-2.7.2\share\hadoop\common\lib\commons-beanutils-1.7.0.jar;C:\work\hadoop-2.7.2\share\hadoop\common\lib\commons-beanutils-core-1.8.0.jar;C:\work\hadoop-2.7.2\share\hadoop\common\lib\commons-cli-1.2.jar;C:\work\hadoop-2.7.2\share\hadoop\common\lib\commons-codec-1.4.jar;C:\work\hadoop-2.7.2\share\hadoop\common\lib\commons-collections-3.2.2.jar;C:\work\hadoop-2.7.2\share\hadoop\common\lib\commons-compress-1.4.1.jar;C:\work\hadoop-2.7.2\share\hadoop\common\lib\commons-configuration-1.6.jar;C:\work\hadoop-2.7.2\share\hadoop\common\lib\commons-digester-1.8.jar;C:\work\hadoop-2.7.2\share\hadoop\common\lib\commons-httpclient-3.1.jar;C:\work\hadoop-2.7.2\share\hadoop\common\lib\commons-io-2.4.jar;C:\work\hadoop-2.7.2\share\hadoop\common\lib\commons-lang-2.6.jar;C:\work\hadoop-2.7.2\share\hadoop\common\lib\commons-logging-1.1.3.jar;C:\work\hadoop-2.7.2\share\hadoop\common\lib\commons-math3-3.1.1.jar;C:\work\hadoop-2.7.2\share\hadoop\common\lib\commons-net-3.1.jar;C:\work\hadoop-2.7.2\share\hadoop\common\lib\curator-client-2.7.1.jar;C:\work\hadoop-2.7.2\share\hadoop\common\lib\curator-framework-2.7.1.jar;C:\work\hadoop-2.7.2\share\hadoop\common\lib\curator-recipes-2.7.1.jar;C:\work\hadoop-2.7.2\share\hadoop\common\lib\gson-2.2.4.jar;C:\work\hadoop-2.7.2\share\hadoop\common\lib\guava-11.0.2.jar;C:\work\hadoop-2.7.2\share\hadoop\common\lib\hadoop-annotations-2.7.2.jar;C:\work\hadoop-2.7.2\share\hadoop\common\lib\hadoop-auth-2.7.2.jar;C:\work\hadoop-2.7.2\share\hadoop\common\lib\hamcrest-core-1.3.jar;C:\work\hadoop-2.7.2\share\hadoop\common\lib\htrace-core-3.1.0-incubating.jar;C:\work\hadoop-2.7.2\share\hadoop\common\lib\httpclient-4.2.5.jar;C:\work\hadoop-2.7.2\share\hadoop\common\lib\httpcore-4.2.5.jar;C:\work\hadoop-2.7.2\share\hadoop\common\lib\jackson-core-asl-1.9.13.jar;C:\work\hadoop-2.7.2\share\hadoop\common\lib\jackson-jaxrs-1.9.13.jar;C:\work\hadoop-2.7.2\share\hadoop\common\lib\jackson-mapper-asl-1.9.13.jar;C:\work\hadoop-2.7.2\share\hadoop\common\lib\jackson-xc-1.9.13.jar;C:\work\hadoop-2.7.2\share\hadoop\common\lib\java-xmlbuilder-0.4.jar;C:\work\hadoop-2.7.2\share\hadoop\common\lib\jaxb-api-2.2.2.jar;C:\work\hadoop-2.7.2\share\hadoop\common\lib\jaxb-impl-2.2.3-1.jar;C:\work\hadoop-2.7.2\share\hadoop\common\lib\jersey-core-1.9.jar;C:\work\hadoop-2.7.2\share\hadoop\common\lib\jersey-json-1.9.jar;C:\work\hadoop-2.7.2\share\hadoop\common\lib\jersey-server-1.9.jar;C:\work\hadoop-2.7.2\share\hadoop\common\lib\jets3t-0.9.0.jar;C:\work\hadoop-2.7.2\share\hadoop\common\lib\jettison-1.1.jar;C:\work\hadoop-2.7.2\share\hadoop\common\lib\jetty-6.1.26.jar;C:\work\hadoop-2.7.2\share\hadoop\common\lib\jetty-util-6.1.26.jar;C:\work\hadoop-2.7.2\share\hadoop\common\lib\jsch-0.1.42.jar;C:\work\hadoop-2.7.2\share\hadoop\common\lib\jsp-api-2.1.jar;C:\work\hadoop-2.7.2\share\hadoop\common\lib\jsr305-3.0.0.jar;C:\work\hadoop-2.7.2\share\hadoop\common\lib\junit-4.11.jar;C:\work\hadoop-2.7.2\share\hadoop\common\lib\log4j-1.2.17.jar;C:\work\hadoop-2.7.2\share\hadoop\common\lib\mockito-all-1.8.5.jar;C:\work\hadoop-2.7.2\share\hadoop\common\lib\netty-3.6.2.Final.jar;C:\work\hadoop-2.7.2\share\hadoop\common\lib\paranamer-2.3.jar;C:\work\hadoop-2.7.2\share\hadoop\common\lib\protobuf-java-2.5.0.jar;C:\work\hadoop-2.7.2\share\hadoop\common\lib\servlet-api-2.5.jar;C:\work\hadoop-2.7.2\share\hadoop\common\lib\slf4j-api-1.7.10.jar;C:\work\hadoop-2.7.2\share\hadoop\common\lib\slf4j-log4j12-1.7.10.jar;C:\work\hadoop-2.7.2\share\hadoop\common\lib\snappy-java-1.0.4.1.jar;C:\work\hadoop-2.7.2\share\hadoop\common\lib\stax-api-1.0-2.jar;C:\work\hadoop-2.7.2\share\hadoop\common\lib\xmlenc-0.52.jar;C:\work\hadoop-2.7.2\share\hadoop\common\lib\xz-1.0.jar;C:\work\hadoop-2.7.2\share\hadoop\common\lib\zookeeper-3.4.6.jar;C:\work\hadoop-2.7.2\share\hadoop\common\hadoop-common-2.7.2-tests.jar;C:\work\hadoop-2.7.2\share\hadoop\common\hadoop-common-2.7.2.jar;C:\work\hadoop-2.7.2\share\hadoop\common\hadoop-nfs-2.7.2.jar;C:\work\hadoop-2.7.2\share\hadoop\hdfs;C:\work\hadoop-2.7.2\share\hadoop\hdfs\lib\asm-3.2.jar;C:\work\hadoop-2.7.2\share\hadoop\hdfs\lib\commons-cli-1.2.jar;C:\work\hadoop-2.7.2\share\hadoop\hdfs\lib\commons-codec-1.4.jar;C:\work\hadoop-2.7.2\share\hadoop\hdfs\lib\commons-daemon-1.0.13.jar;C:\work\hadoop-2.7.2\share\hadoop\hdfs\lib\commons-io-2.4.jar;C:\work\hadoop-2.7.2\share\hadoop\hdfs\lib\commons-lang-2.6.jar;C:\work\hadoop-2.7.2\share\hadoop\hdfs\lib\commons-logging-1.1.3.jar;C:\work\hadoop-2.7.2\share\hadoop\hdfs\lib\guava-11.0.2.jar;C:\work\hadoop-2.7.2\share\hadoop\hdfs\lib\htrace-core-3.1.0-incubating.jar;C:\work\hadoop-2.7.2\share\hadoop\hdfs\lib\jackson-core-asl-1.9.13.jar;C:\work\hadoop-2.7.2\share\hadoop\hdfs\lib\jackson-mapper-asl-1.9.13.jar;C:\work\hadoop-2.7.2\share\hadoop\hdfs\lib\jersey-core-1.9.jar;C:\work\hadoop-2.7.2\share\hadoop\hdfs\lib\jersey-server-1.9.jar;C:\work\hadoop-2.7.2\share\hadoop\hdfs\lib\jetty-6.1.26.jar;C:\work\hadoop-2.7.2\share\hadoop\hdfs\lib\jetty-util-6.1.26.jar;C:\work\hadoop-2.7.2\share\hadoop\hdfs\lib\jsr305-3.0.0.jar;C:\work\hadoop-2.7.2\share\hadoop\hdfs\lib\leveldbjni-all-1.8.jar;C:\work\hadoop-2.7.2\share\hadoop\hdfs\lib\log4j-1.2.17.jar;C:\work\hadoop-2.7.2\share\hadoop\hdfs\lib\netty-3.6.2.Final.jar;C:\work\hadoop-2.7.2\share\hadoop\hdfs\lib\netty-all-4.0.23.Final.jar;C:\work\hadoop-2.7.2\share\hadoop\hdfs\lib\protobuf-java-2.5.0.jar;C:\work\hadoop-2.7.2\share\hadoop\hdfs\lib\servlet-api-2.5.jar;C:\work\hadoop-2.7.2\share\hadoop\hdfs\lib\xercesImpl-2.9.1.jar;C:\work\hadoop-2.7.2\share\hadoop\hdfs\lib\xml-apis-1.3.04.jar;C:\work\hadoop-2.7.2\share\hadoop\hdfs\lib\xmlenc-0.52.jar;C:\work\hadoop-2.7.2\share\hadoop\hdfs\hadoop-hdfs-2.7.2-tests.jar;C:\work\hadoop-2.7.2\share\hadoop\hdfs\hadoop-hdfs-2.7.2.jar;C:\work\hadoop-2.7.2\share\hadoop\hdfs\hadoop-hdfs-nfs-2.7.2.jar;C:\work\hadoop-2.7.2\share\hadoop\yarn\lib\activation-1.1.jar;C:\work\hadoop-2.7.2\share\hadoop\yarn\lib\aopalliance-1.0.jar;C:\work\hadoop-2.7.2\share\hadoop\yarn\lib\asm-3.2.jar;C:\work\hadoop-2.7.2\share\hadoop\yarn\lib\commons-cli-1.2.jar;C:\work\hadoop-2.7.2\share\hadoop\yarn\lib\commons-codec-1.4.jar;C:\work\hadoop-2.7.2\share\hadoop\yarn\lib\commons-collections-3.2.2.jar;C:\work\hadoop-2.7.2\share\hadoop\yarn\lib\commons-compress-1.4.1.jar;C:\work\hadoop-2.7.2\share\hadoop\yarn\lib\commons-io-2.4.jar;C:\work\hadoop-2.7.2\share\hadoop\yarn\lib\commons-lang-2.6.jar;C:\work\hadoop-2.7.2\share\hadoop\yarn\lib\commons-logging-1.1.3.jar;C:\work\hadoop-2.7.2\share\hadoop\yarn\lib\guava-11.0.2.jar;C:\work\hadoop-2.7.2\share\hadoop\yarn\lib\guice-3.0.jar;C:\work\hadoop-2.7.2\share\hadoop\yarn\lib\guice-servlet-3.0.jar;C:\work\hadoop-2.7.2\share\hadoop\yarn\lib\jackson-core-asl-1.9.13.jar;C:\work\hadoop-2.7.2\share\hadoop\yarn\lib\jackson-jaxrs-1.9.13.jar;C:\work\hadoop-2.7.2\share\hadoop\yarn\lib\jackson-mapper-asl-1.9.13.jar;C:\work\hadoop-2.7.2\share\hadoop\yarn\lib\jackson-xc-1.9.13.jar;C:\work\hadoop-2.7.2\share\hadoop\yarn\lib\javax.inject-1.jar;C:\work\hadoop-2.7.2\share\hadoop\yarn\lib\jaxb-api-2.2.2.jar;C:\work\hadoop-2.7.2\share\hadoop\yarn\lib\jaxb-impl-2.2.3-1.jar;C:\work\hadoop-2.7.2\share\hadoop\yarn\lib\jersey-client-1.9.jar;C:\work\hadoop-2.7.2\share\hadoop\yarn\lib\jersey-core-1.9.jar;C:\work\hadoop-2.7.2\share\hadoop\yarn\lib\jersey-guice-1.9.jar;C:\work\hadoop-2.7.2\share\hadoop\yarn\lib\jersey-json-1.9.jar;C:\work\hadoop-2.7.2\share\hadoop\yarn\lib\jersey-server-1.9.jar;C:\work\hadoop-2.7.2\share\hadoop\yarn\lib\jettison-1.1.jar;C:\work\hadoop-2.7.2\share\hadoop\yarn\lib\jetty-6.1.26.jar;C:\work\hadoop-2.7.2\share\hadoop\yarn\lib\jetty-util-6.1.26.jar;C:\work\hadoop-2.7.2\share\hadoop\yarn\lib\jsr305-3.0.0.jar;C:\work\hadoop-2.7.2\share\hadoop\yarn\lib\leveldbjni-all-1.8.jar;C:\work\hadoop-2.7.2\share\hadoop\yarn\lib\log4j-1.2.17.jar;C:\work\hadoop-2.7.2\share\hadoop\yarn\lib\netty-3.6.2.Final.jar;C:\work\hadoop-2.7.2\share\hadoop\yarn\lib\protobuf-java-2.5.0.jar;C:\work\hadoop-2.7.2\share\hadoop\yarn\lib\servlet-api-2.5.jar;C:\work\hadoop-2.7.2\share\hadoop\yarn\lib\stax-api-1.0-2.jar;C:\work\hadoop-2.7.2\share\hadoop\yarn\lib\xz-1.0.jar;C:\work\hadoop-2.7.2\share\hadoop\yarn\lib\zookeeper-3.4.6-tests.jar;C:\work\hadoop-2.7.2\share\hadoop\yarn\lib\zookeeper-3.4.6.jar;C:\work\hadoop-2.7.2\share\hadoop\yarn\hadoop-yarn-api-2.7.2.jar;C:\work\hadoop-2.7.2\share\hadoop\yarn\hadoop-yarn-applications-distributedshell-2.7.2.jar;C:\work\hadoop-2.7.2\share\hadoop\yarn\hadoop-yarn-applications-unmanaged-am-launcher-2.7.2.jar;C:\work\hadoop-2.7.2\share\hadoop\yarn\hadoop-yarn-client-2.7.2.jar;C:\work\hadoop-2.7.2\share\hadoop\yarn\hadoop-yarn-common-2.7.2.jar;C:\work\hadoop-2.7.2\share\hadoop\yarn\hadoop-yarn-registry-2.7.2.jar;C:\work\hadoop-2.7.2\share\hadoop\yarn\hadoop-yarn-server-applicationhistoryservice-2.7.2.jar;C:\work\hadoop-2.7.2\share\hadoop\yarn\hadoop-yarn-server-common-2.7.2.jar;C:\work\hadoop-2.7.2\share\hadoop\yarn\hadoop-yarn-server-nodemanager-2.7.2.jar;C:\work\hadoop-2.7.2\share\hadoop\yarn\hadoop-yarn-server-resourcemanager-2.7.2.jar;C:\work\hadoop-2.7.2\share\hadoop\yarn\hadoop-yarn-server-sharedcachemanager-2.7.2.jar;C:\work\hadoop-2.7.2\share\hadoop\yarn\hadoop-yarn-server-tests-2.7.2.jar;C:\work\hadoop-2.7.2\share\hadoop\yarn\hadoop-yarn-server-web-proxy-2.7.2.jar;C:\work\hadoop-2.7.2\share\hadoop\mapreduce\lib\aopalliance-1.0.jar;C:\work\hadoop-2.7.2\share\hadoop\mapreduce\lib\asm-3.2.jar;C:\work\hadoop-2.7.2\share\hadoop\mapreduce\lib\avro-1.7.4.jar;C:\work\hadoop-2.7.2\share\hadoop\mapreduce\lib\commons-compress-1.4.1.jar;C:\work\hadoop-2.7.2\share\hadoop\mapreduce\lib\commons-io-2.4.jar;C:\work\hadoop-2.7.2\share\hadoop\mapreduce\lib\guice-3.0.jar;C:\work\hadoop-2.7.2\share\hadoop\mapreduce\lib\guice-servlet-3.0.jar;C:\work\hadoop-2.7.2\share\hadoop\mapreduce\lib\hadoop-annotations-2.7.2.jar;C:\work\hadoop-2.7.2\share\hadoop\mapreduce\lib\hamcrest-core-1.3.jar;C:\work\hadoop-2.7.2\share\hadoop\mapreduce\lib\jackson-core-asl-1.9.13.jar;C:\work\hadoop-2.7.2\share\hadoop\mapreduce\lib\jackson-mapper-asl-1.9.13.jar;C:\work\hadoop-2.7.2\share\hadoop\mapreduce\lib\javax.inject-1.jar;C:\work\hadoop-2.7.2\share\hadoop\mapreduce\lib\jersey-core-1.9.jar;C:\work\hadoop-2.7.2\share\hadoop\mapreduce\lib\jersey-guice-1.9.jar;C:\work\hadoop-2.7.2\share\hadoop\mapreduce\lib\jersey-server-1.9.jar;C:\work\hadoop-2.7.2\share\hadoop\mapreduce\lib\junit-4.11.jar;C:\work\hadoop-2.7.2\share\hadoop\mapreduce\lib\leveldbjni-all-1.8.jar;C:\work\hadoop-2.7.2\share\hadoop\mapreduce\lib\log4j-1.2.17.jar;C:\work\hadoop-2.7.2\share\hadoop\mapreduce\lib\netty-3.6.2.Final.jar;C:\work\hadoop-2.7.2\share\hadoop\mapreduce\lib\paranamer-2.3.jar;C:\work\hadoop-2.7.2\share\hadoop\mapreduce\lib\protobuf-java-2.5.0.jar;C:\work\hadoop-2.7.2\share\hadoop\mapreduce\lib\snappy-java-1.0.4.1.jar;C:\work\hadoop-2.7.2\share\hadoop\mapreduce\lib\xz-1.0.jar;C:\work\hadoop-2.7.2\share\hadoop\mapreduce\hadoop-mapreduce-client-app-2.7.2.jar;C:\work\hadoop-2.7.2\share\hadoop\mapreduce\hadoop-mapreduce-client-common-2.7.2.jar;C:\work\hadoop-2.7.2\share\hadoop\mapreduce\hadoop-mapreduce-client-core-2.7.2.jar;C:\work\hadoop-2.7.2\share\hadoop\mapreduce\hadoop-mapreduce-client-hs-2.7.2.jar;C:\work\hadoop-2.7.2\share\hadoop\mapreduce\hadoop-mapreduce-client-hs-plugins-2.7.2.jar;C:\work\hadoop-2.7.2\share\hadoop\mapreduce\hadoop-mapreduce-client-jobclient-2.7.2-tests.jar;C:\work\hadoop-2.7.2\share\hadoop\mapreduce\hadoop-mapreduce-client-jobclient-2.7.2.jar;C:\work\hadoop-2.7.2\share\hadoop\mapreduce\hadoop-mapreduce-client-shuffle-2.7.2.jar;C:\work\hadoop-2.7.2\share\hadoop\mapreduce\hadoop-mapreduce-examples-2.7.2.jar;C:\work\hadoop-2.7.2\share\hadoop\yarn\hadoop-yarn-api-2.7.2.jar;C:\work\hadoop-2.7.2\share\hadoop\yarn\hadoop-yarn-applications-distributedshell-2.7.2.jar;C:\work\hadoop-2.7.2\share\hadoop\yarn\hadoop-yarn-applications-unmanaged-am-launcher-2.7.2.jar;C:\work\hadoop-2.7.2\share\hadoop\yarn\hadoop-yarn-client-2.7.2.jar;C:\work\hadoop-2.7.2\share\hadoop\yarn\hadoop-yarn-common-2.7.2.jar;C:\work\hadoop-2.7.2\share\hadoop\yarn\hadoop-yarn-registry-2.7.2.jar;C:\work\hadoop-2.7.2\share\hadoop\yarn\hadoop-yarn-server-applicationhistoryservice-2.7.2.jar;C:\work\hadoop-2.7.2\share\hadoop\yarn\hadoop-yarn-server-common-2.7.2.jar;C:\work\hadoop-2.7.2\share\hadoop\yarn\hadoop-yarn-server-nodemanager-2.7.2.jar;C:\work\hadoop-2.7.2\share\hadoop\yarn\hadoop-yarn-server-resourcemanager-2.7.2.jar;C:\work\hadoop-2.7.2\share\hadoop\yarn\hadoop-yarn-server-sharedcachemanager-2.7.2.jar;C:\work\hadoop-2.7.2\share\hadoop\yarn\hadoop-yarn-server-tests-2.7.2.jar;C:\work\hadoop-2.7.2\share\hadoop\yarn\hadoop-yarn-server-web-proxy-2.7.2.jar;C:\work\hadoop-2.7.2\share\hadoop\yarn\lib\activation-1.1.jar;C:\work\hadoop-2.7.2\share\hadoop\yarn\lib\aopalliance-1.0.jar;C:\work\hadoop-2.7.2\share\hadoop\yarn\lib\asm-3.2.jar;C:\work\hadoop-2.7.2\share\hadoop\yarn\lib\commons-cli-1.2.jar;C:\work\hadoop-2.7.2\share\hadoop\yarn\lib\commons-codec-1.4.jar;C:\work\hadoop-2.7.2\share\hadoop\yarn\lib\commons-collections-3.2.2.jar;C:\work\hadoop-2.7.2\share\hadoop\yarn\lib\commons-compress-1.4.1.jar;C:\work\hadoop-2.7.2\share\hadoop\yarn\lib\commons-io-2.4.jar;C:\work\hadoop-2.7.2\share\hadoop\yarn\lib\commons-lang-2.6.jar;C:\work\hadoop-2.7.2\share\hadoop\yarn\lib\commons-logging-1.1.3.jar;C:\work\hadoop-2.7.2\share\hadoop\yarn\lib\guava-11.0.2.jar;C:\work\hadoop-2.7.2\share\hadoop\yarn\lib\guice-3.0.jar;C:\work\hadoop-2.7.2\share\hadoop\yarn\lib\guice-servlet-3.0.jar;C:\work\hadoop-2.7.2\share\hadoop\yarn\lib\jackson-core-asl-1.9.13.jar;C:\work\hadoop-2.7.2\share\hadoop\yarn\lib\jackson-jaxrs-1.9.13.jar;C:\work\hadoop-2.7.2\share\hadoop\yarn\lib\jackson-mapper-asl-1.9.13.jar;C:\work\hadoop-2.7.2\share\hadoop\yarn\lib\jackson-xc-1.9.13.jar;C:\work\hadoop-2.7.2\share\hadoop\yarn\lib\javax.inject-1.jar;C:\work\hadoop-2.7.2\share\hadoop\yarn\lib\jaxb-api-2.2.2.jar;C:\work\hadoop-2.7.2\share\hadoop\yarn\lib\jaxb-impl-2.2.3-1.jar;C:\work\hadoop-2.7.2\share\hadoop\yarn\lib\jersey-client-1.9.jar;C:\work\hadoop-2.7.2\share\hadoop\yarn\lib\jersey-core-1.9.jar;C:\work\hadoop-2.7.2\share\hadoop\yarn\lib\jersey-guice-1.9.jar;C:\work\hadoop-2.7.2\share\hadoop\yarn\lib\jersey-json-1.9.jar;C:\work\hadoop-2.7.2\share\hadoop\yarn\lib\jersey-server-1.9.jar;C:\work\hadoop-2.7.2\share\hadoop\yarn\lib\jettison-1.1.jar;C:\work\hadoop-2.7.2\share\hadoop\yarn\lib\jetty-6.1.26.jar;C:\work\hadoop-2.7.2\share\hadoop\yarn\lib\jetty-util-6.1.26.jar;C:\work\hadoop-2.7.2\share\hadoop\yarn\lib\jsr305-3.0.0.jar;C:\work\hadoop-2.7.2\share\hadoop\yarn\lib\leveldbjni-all-1.8.jar;C:\work\hadoop-2.7.2\share\hadoop\yarn\lib\log4j-1.2.17.jar;C:\work\hadoop-2.7.2\share\hadoop\yarn\lib\netty-3.6.2.Final.jar;C:\work\hadoop-2.7.2\share\hadoop\yarn\lib\protobuf-java-2.5.0.jar;C:\work\hadoop-2.7.2\share\hadoop\yarn\lib\servlet-api-2.5.jar;C:\work\hadoop-2.7.2\share\hadoop\yarn\lib\stax-api-1.0-2.jar;C:\work\hadoop-2.7.2\share\hadoop\yarn\lib\xz-1.0.jar;C:\work\hadoop-2.7.2\share\hadoop\yarn\lib\zookeeper-3.4.6-tests.jar;C:\work\hadoop-2.7.2\share\hadoop\yarn\lib\zookeeper-3.4.6.jar;C:\work\hadoop-2.7.2\etc\hadoop\nm-config\log4j.properties
STARTUP_MSG:   build = https://git-wip-us.apache.org/repos/asf/hadoop.git -r b165c4fe8a74265c792ce23f546c64604acf0e41; compiled by 'jenkins' on 2016-01-26T00:08Z
STARTUP_MSG:   java = 1.8.0_201
************************************************************/
19/02/22 18:22:59 INFO event.AsyncDispatcher: Registering class org.apache.hadoop.yarn.server.nodemanager.containermanager.container.ContainerEventType for class org.apache.hadoop.yarn.server.nodemanager.containermanager.ContainerManagerImpl$ContainerEventDispatcher
19/02/22 18:22:59 INFO event.AsyncDispatcher: Registering class org.apache.hadoop.yarn.server.nodemanager.containermanager.application.ApplicationEventType for class org.apache.hadoop.yarn.server.nodemanager.containermanager.ContainerManagerImpl$ApplicationEventDispatcher
19/02/22 18:22:59 INFO event.AsyncDispatcher: Registering class org.apache.hadoop.yarn.server.nodemanager.containermanager.localizer.event.LocalizationEventType for class org.apache.hadoop.yarn.server.nodemanager.containermanager.localizer.ResourceLocalizationService
19/02/22 18:22:59 INFO event.AsyncDispatcher: Registering class org.apache.hadoop.yarn.server.nodemanager.containermanager.AuxServicesEventType for class org.apache.hadoop.yarn.server.nodemanager.containermanager.AuxServices
19/02/22 18:22:59 INFO event.AsyncDispatcher: Registering class org.apache.hadoop.yarn.server.nodemanager.containermanager.monitor.ContainersMonitorEventType for class org.apache.hadoop.yarn.server.nodemanager.containermanager.monitor.ContainersMonitorImpl
19/02/22 18:22:59 INFO event.AsyncDispatcher: Registering class org.apache.hadoop.yarn.server.nodemanager.containermanager.launcher.ContainersLauncherEventType for class org.apache.hadoop.yarn.server.nodemanager.containermanager.launcher.ContainersLauncher
19/02/22 18:22:59 INFO event.AsyncDispatcher: Registering class org.apache.hadoop.yarn.server.nodemanager.ContainerManagerEventType for class org.apache.hadoop.yarn.server.nodemanager.containermanager.ContainerManagerImpl
19/02/22 18:22:59 INFO event.AsyncDispatcher: Registering class org.apache.hadoop.yarn.server.nodemanager.NodeManagerEventType for class org.apache.hadoop.yarn.server.nodemanager.NodeManager
19/02/22 18:22:59 INFO impl.MetricsConfig: loaded properties from hadoop-metrics2.properties
19/02/22 18:22:59 INFO impl.MetricsSystemImpl: Scheduled snapshot period at 10 second(s).
19/02/22 18:22:59 INFO impl.MetricsSystemImpl: NodeManager metrics system started
19/02/22 18:22:59 INFO event.AsyncDispatcher: Registering class org.apache.hadoop.yarn.server.nodemanager.containermanager.loghandler.event.LogHandlerEventType for class org.apache.hadoop.yarn.server.nodemanager.containermanager.loghandler.NonAggregatingLogHandler
19/02/22 18:22:59 INFO event.AsyncDispatcher: Registering class org.apache.hadoop.yarn.server.nodemanager.containermanager.localizer.sharedcache.SharedCacheUploadEventType for class org.apache.hadoop.yarn.server.nodemanager.containermanager.localizer.sharedcache.SharedCacheUploadService
19/02/22 18:22:59 INFO localizer.ResourceLocalizationService: per directory file limit = 8192
19/02/22 18:23:00 INFO localizer.ResourceLocalizationService: usercache path : file:/tmp/hadoop-kanth/nm-local-dir/usercache_DEL_1550881379545
19/02/22 18:23:01 INFO event.AsyncDispatcher: Registering class org.apache.hadoop.yarn.server.nodemanager.containermanager.localizer.event.LocalizerEventType for class org.apache.hadoop.yarn.server.nodemanager.containermanager.localizer.ResourceLocalizationService$LocalizerTracker
19/02/22 18:23:01 WARN containermanager.AuxServices: The Auxilurary Service named 'mapreduce_shuffle' in the configuration is for class org.apache.hadoop.mapred.ShuffleHandler which has a name of 'httpshuffle'. Because these are not the same tools trying to send ServiceData and read Service Meta Data may have issues unless the refer to the name in the config.
19/02/22 18:23:01 INFO containermanager.AuxServices: Adding auxiliary service httpshuffle, "mapreduce_shuffle"
19/02/22 18:23:01 INFO monitor.ContainersMonitorImpl:  Using ResourceCalculatorPlugin : org.apache.hadoop.yarn.util.WindowsResourceCalculatorPlugin@311bf055
19/02/22 18:23:01 INFO monitor.ContainersMonitorImpl:  Using ResourceCalculatorProcessTree : null
19/02/22 18:23:01 INFO monitor.ContainersMonitorImpl: Physical memory check enabled: true
19/02/22 18:23:01 INFO monitor.ContainersMonitorImpl: Virtual memory check enabled: true
19/02/22 18:23:01 WARN monitor.ContainersMonitorImpl: NodeManager configured with 8 G physical memory allocated to containers, which is more than 80% of the total physical memory available (7.9 G). Thrashing might happen.
19/02/22 18:23:01 INFO nodemanager.NodeStatusUpdaterImpl: Initialized nodemanager for null: physical-memory=8192 virtual-memory=17204 virtual-cores=8
19/02/22 18:23:01 INFO ipc.CallQueueManager: Using callQueue class java.util.concurrent.LinkedBlockingQueue
19/02/22 18:23:01 INFO ipc.Server: Starting Socket Reader #1 for port 51860
19/02/22 18:23:01 INFO pb.RpcServerFactoryPBImpl: Adding protocol org.apache.hadoop.yarn.api.ContainerManagementProtocolPB to the server
19/02/22 18:23:01 INFO containermanager.ContainerManagerImpl: Blocking new container-requests as container manager rpc server is still starting.
19/02/22 18:23:01 INFO security.NMContainerTokenSecretManager: Updating node address : DESKTOP-C3MTRKT:51860
19/02/22 18:23:01 INFO ipc.Server: IPC Server Responder: starting
19/02/22 18:23:01 INFO ipc.Server: IPC Server listener on 51860: starting
19/02/22 18:23:01 INFO ipc.CallQueueManager: Using callQueue class java.util.concurrent.LinkedBlockingQueue
19/02/22 18:23:01 INFO pb.RpcServerFactoryPBImpl: Adding protocol org.apache.hadoop.yarn.server.nodemanager.api.LocalizationProtocolPB to the server
19/02/22 18:23:01 INFO localizer.ResourceLocalizationService: Localizer started on port 8040
19/02/22 18:23:01 INFO ipc.Server: Starting Socket Reader #1 for port 8040
19/02/22 18:23:02 INFO ipc.Server: IPC Server listener on 8040: starting
19/02/22 18:23:02 INFO ipc.Server: IPC Server Responder: starting
19/02/22 18:23:02 INFO mapred.IndexCache: IndexCache created with max memory = 10485760
19/02/22 18:23:02 INFO mapred.ShuffleHandler: httpshuffle listening on port 13562
19/02/22 18:23:02 INFO util.ProcfsBasedProcessTree: ProcfsBasedProcessTree currently is supported only on Linux.
19/02/22 18:23:02 INFO containermanager.ContainerManagerImpl: ContainerManager started at DESKTOP-C3MTRKT/192.168.1.208:51860
19/02/22 18:23:02 INFO containermanager.ContainerManagerImpl: ContainerManager bound to 0.0.0.0/0.0.0.0:0
19/02/22 18:23:02 INFO webapp.WebServer: Instantiating NMWebApp at 0.0.0.0:8042
19/02/22 18:23:03 INFO mortbay.log: Logging to org.slf4j.impl.Log4jLoggerAdapter(org.mortbay.log) via org.mortbay.log.Slf4jLog
19/02/22 18:23:03 INFO server.AuthenticationFilter: Unable to initialize FileSignerSecretProvider, falling back to use random secrets.
19/02/22 18:23:03 INFO http.HttpRequestLog: Http request log for http.requests.nodemanager is not defined
19/02/22 18:23:03 INFO http.HttpServer2: Added global filter 'safety' (class=org.apache.hadoop.http.HttpServer2$QuotingInputFilter)
19/02/22 18:23:03 INFO http.HttpServer2: Added filter static_user_filter (class=org.apache.hadoop.http.lib.StaticUserWebFilter$StaticUserFilter) to context node
19/02/22 18:23:03 INFO http.HttpServer2: Added filter static_user_filter (class=org.apache.hadoop.http.lib.StaticUserWebFilter$StaticUserFilter) to context logs
19/02/22 18:23:03 INFO http.HttpServer2: Added filter static_user_filter (class=org.apache.hadoop.http.lib.StaticUserWebFilter$StaticUserFilter) to context static
19/02/22 18:23:03 INFO http.HttpServer2: adding path spec: /node/*
19/02/22 18:23:03 INFO http.HttpServer2: adding path spec: /ws/*
19/02/22 18:23:04 INFO webapp.WebApps: Registered webapp guice modules
19/02/22 18:23:04 INFO http.HttpServer2: Jetty bound to port 8042
19/02/22 18:23:04 INFO mortbay.log: jetty-6.1.26
19/02/22 18:23:04 INFO mortbay.log: Extract jar:file:/C:/work/hadoop-2.7.2/share/hadoop/yarn/hadoop-yarn-common-2.7.2.jar!/webapps/node to C:\Users\ADMINI~1\AppData\Local\Temp\Jetty_0_0_0_0_8042_node____19tj0x\webapp
Feb 22, 2019 6:23:05 PM com.sun.jersey.guice.spi.container.GuiceComponentProviderFactory register
INFO: Registering org.apache.hadoop.yarn.server.nodemanager.webapp.NMWebServices as a root resource class
Feb 22, 2019 6:23:05 PM com.sun.jersey.guice.spi.container.GuiceComponentProviderFactory register
INFO: Registering org.apache.hadoop.yarn.webapp.GenericExceptionHandler as a provider class
Feb 22, 2019 6:23:05 PM com.sun.jersey.guice.spi.container.GuiceComponentProviderFactory register
INFO: Registering org.apache.hadoop.yarn.server.nodemanager.webapp.JAXBContextResolver as a provider class
Feb 22, 2019 6:23:05 PM com.sun.jersey.server.impl.application.WebApplicationImpl _initiate
INFO: Initiating Jersey application, version 'Jersey: 1.9 09/02/2011 11:17 AM'
Feb 22, 2019 6:23:05 PM com.sun.jersey.guice.spi.container.GuiceComponentProviderFactory getComponentProvider
INFO: Binding org.apache.hadoop.yarn.server.nodemanager.webapp.JAXBContextResolver to GuiceManagedComponentProvider with the scope "Singleton"
Feb 22, 2019 6:23:05 PM com.sun.jersey.guice.spi.container.GuiceComponentProviderFactory getComponentProvider
INFO: Binding org.apache.hadoop.yarn.webapp.GenericExceptionHandler to GuiceManagedComponentProvider with the scope "Singleton"
Feb 22, 2019 6:23:06 PM com.sun.jersey.guice.spi.container.GuiceComponentProviderFactory getComponentProvider
INFO: Binding org.apache.hadoop.yarn.server.nodemanager.webapp.NMWebServices to GuiceManagedComponentProvider with the scope "Singleton"
19/02/22 18:23:06 INFO mortbay.log: Started HttpServer2$SelectChannelConnectorWithSafeStartup@0.0.0.0:8042
19/02/22 18:23:06 INFO webapp.WebApps: Web app node started at 8042
19/02/22 18:23:06 INFO client.RMProxy: Connecting to ResourceManager at /0.0.0.0:8031
19/02/22 18:23:06 INFO nodemanager.NodeStatusUpdaterImpl: Sending out 0 NM container statuses: []
19/02/22 18:23:06 INFO nodemanager.NodeStatusUpdaterImpl: Registering with RM using containers :[]
19/02/22 18:23:06 INFO security.NMContainerTokenSecretManager: Rolling master-key for container-tokens, got key with id 1543467695
19/02/22 18:23:06 INFO security.NMTokenSecretManagerInNM: Rolling master-key for container-tokens, got key with id 1190049221
19/02/22 18:23:06 INFO nodemanager.NodeStatusUpdaterImpl: Registered with ResourceManager as DESKTOP-C3MTRKT:51860 with total resource of <memory:8192, vCores:8>
19/02/22 18:23:06 INFO nodemanager.NodeStatusUpdaterImpl: Notifying ContainerManager to unblock new container-requests
19/02/22 18:43:39 INFO ipc.Server: Auth successful for appattempt_1550881379159_0001_000001 (auth:SIMPLE)
19/02/22 18:43:39 INFO containermanager.ContainerManagerImpl: Start request for container_1550881379159_0001_01_000001 by user kanth
19/02/22 18:43:39 INFO containermanager.ContainerManagerImpl: Creating a new application reference for app application_1550881379159_0001
19/02/22 18:43:39 INFO application.ApplicationImpl: Application application_1550881379159_0001 transitioned from NEW to INITING
19/02/22 18:43:39 INFO application.ApplicationImpl: Adding container_1550881379159_0001_01_000001 to application application_1550881379159_0001
19/02/22 18:43:39 INFO nodemanager.NMAuditLogger: USER=kanth    IP=192.168.1.208        OPERATION=Start Container Request       TARGET=ContainerManageImpl      RESULT=SUCCESS  APPID=application_1550881379159_0001    CONTAINERID=container_1550881379159_0001_01_000001
19/02/22 18:43:39 INFO application.ApplicationImpl: Application application_1550881379159_0001 transitioned from INITING to RUNNING
19/02/22 18:43:40 INFO container.ContainerImpl: Container container_1550881379159_0001_01_000001 transitioned from NEW to LOCALIZING
19/02/22 18:43:40 INFO containermanager.AuxServices: Got event CONTAINER_INIT for appId application_1550881379159_0001
19/02/22 18:43:40 INFO localizer.LocalizedResource: Resource hdfs://localhost:9001/tmp/hadoop-yarn/staging/kanth/.staging/job_1550881379159_0001/job.splitmetainfo transitioned from INIT to DOWNLOADING
19/02/22 18:43:40 INFO localizer.LocalizedResource: Resource hdfs://localhost:9001/tmp/hadoop-yarn/staging/kanth/.staging/job_1550881379159_0001/job.jar transitioned from INIT to DOWNLOADING
19/02/22 18:43:40 INFO localizer.LocalizedResource: Resource hdfs://localhost:9001/tmp/hadoop-yarn/staging/kanth/.staging/job_1550881379159_0001/job.split transitioned from INIT to DOWNLOADING
19/02/22 18:43:40 INFO localizer.LocalizedResource: Resource hdfs://localhost:9001/tmp/hadoop-yarn/staging/kanth/.staging/job_1550881379159_0001/job.xml transitioned from INIT to DOWNLOADING
19/02/22 18:43:40 INFO localizer.ResourceLocalizationService: Created localizer for container_1550881379159_0001_01_000001
19/02/22 18:43:40 INFO localizer.ResourceLocalizationService: Writing credentials to the nmPrivate file /tmp/hadoop-kanth/nm-local-dir/nmPrivate/container_1550881379159_0001_01_000001.tokens. Credentials list:
19/02/22 18:43:40 INFO nodemanager.DefaultContainerExecutor: Initializing user kanth
19/02/22 18:43:40 INFO nodemanager.DefaultContainerExecutor: Copying from /tmp/hadoop-kanth/nm-local-dir/nmPrivate/container_1550881379159_0001_01_000001.tokens to /tmp/hadoop-kanth/nm-local-dir/usercache/kanth/appcache/application_1550881379159_0001/container_1550881379159_0001_01_000001.tokens
19/02/22 18:43:40 INFO nodemanager.DefaultContainerExecutor: Localizer CWD set to /tmp/hadoop-kanth/nm-local-dir/usercache/kanth/appcache/application_1550881379159_0001 = file:/tmp/hadoop-kanth/nm-local-dir/usercache/kanth/appcache/application_1550881379159_0001
19/02/22 18:43:41 INFO localizer.LocalizedResource: Resource hdfs://localhost:9001/tmp/hadoop-yarn/staging/kanth/.staging/job_1550881379159_0001/job.splitmetainfo(->/tmp/hadoop-kanth/nm-local-dir/usercache/kanth/appcache/application_1550881379159_0001/filecache/10/job.splitmetainfo) transitioned from DOWNLOADING to LOCALIZED
19/02/22 18:43:41 INFO localizer.LocalizedResource: Resource hdfs://localhost:9001/tmp/hadoop-yarn/staging/kanth/.staging/job_1550881379159_0001/job.jar(->/tmp/hadoop-kanth/nm-local-dir/usercache/kanth/appcache/application_1550881379159_0001/filecache/11/job.jar) transitioned from DOWNLOADING to LOCALIZED
19/02/22 18:43:41 INFO localizer.LocalizedResource: Resource hdfs://localhost:9001/tmp/hadoop-yarn/staging/kanth/.staging/job_1550881379159_0001/job.split(->/tmp/hadoop-kanth/nm-local-dir/usercache/kanth/appcache/application_1550881379159_0001/filecache/12/job.split) transitioned from DOWNLOADING to LOCALIZED
19/02/22 18:43:41 INFO localizer.LocalizedResource: Resource hdfs://localhost:9001/tmp/hadoop-yarn/staging/kanth/.staging/job_1550881379159_0001/job.xml(->/tmp/hadoop-kanth/nm-local-dir/usercache/kanth/appcache/application_1550881379159_0001/filecache/13/job.xml) transitioned from DOWNLOADING to LOCALIZED
19/02/22 18:43:41 INFO container.ContainerImpl: Container container_1550881379159_0001_01_000001 transitioned from LOCALIZING to LOCALIZED
19/02/22 18:43:42 INFO container.ContainerImpl: Container container_1550881379159_0001_01_000001 transitioned from LOCALIZED to RUNNING
19/02/22 18:43:42 INFO util.ProcfsBasedProcessTree: ProcfsBasedProcessTree currently is supported only on Linux.
19/02/22 18:43:42 INFO nodemanager.DefaultContainerExecutor: launchContainer: [C:\work\hadoop-2.7.2\bin\winutils.exe, task, create, -m, -1, -c, -1, container_1550881379159_0001_01_000001, cmd /c /tmp/hadoop-kanth/nm-local-dir/usercache/kanth/appcache/application_1550881379159_0001/container_1550881379159_0001_01_000001/default_container_executor.cmd]
19/02/22 18:43:42 INFO monitor.ContainersMonitorImpl: Starting resource-monitoring for container_1550881379159_0001_01_000001
19/02/22 18:43:42 INFO util.ProcfsBasedProcessTree: ProcfsBasedProcessTree currently is supported only on Linux.
19/02/22 18:43:42 INFO monitor.ContainersMonitorImpl: Memory usage of ProcessTree container_1550881379159_0001_01_000001 for container-id container_1550881379159_0001_01_000001: 60.6 MB of 2 GB physical memory used; 216.2 MB of 4.2 GB virtual memory used
19/02/22 18:43:46 INFO monitor.ContainersMonitorImpl: Memory usage of ProcessTree container_1550881379159_0001_01_000001 for container-id container_1550881379159_0001_01_000001: 217.8 MB of 2 GB physical memory used; 368.1 MB of 4.2 GB virtual memory used
19/02/22 18:43:49 INFO monitor.ContainersMonitorImpl: Memory usage of ProcessTree container_1550881379159_0001_01_000001 for container-id container_1550881379159_0001_01_000001: 283.3 MB of 2 GB physical memory used; 476.6 MB of 4.2 GB virtual memory used
19/02/22 18:43:49 INFO ipc.Server: Auth successful for appattempt_1550881379159_0001_000001 (auth:SIMPLE)
19/02/22 18:43:49 INFO containermanager.ContainerManagerImpl: Start request for container_1550881379159_0001_01_000002 by user kanth
19/02/22 18:43:49 INFO nodemanager.NMAuditLogger: USER=kanth    IP=192.168.1.208        OPERATION=Start Container Request       TARGET=ContainerManageImpl      RESULT=SUCCESS  APPID=application_1550881379159_0001    CONTAINERID=container_1550881379159_0001_01_000002
19/02/22 18:43:49 INFO application.ApplicationImpl: Adding container_1550881379159_0001_01_000002 to application application_1550881379159_0001
19/02/22 18:43:49 INFO container.ContainerImpl: Container container_1550881379159_0001_01_000002 transitioned from NEW to LOCALIZING
19/02/22 18:43:49 INFO containermanager.AuxServices: Got event CONTAINER_INIT for appId application_1550881379159_0001
19/02/22 18:43:49 INFO containermanager.AuxServices: Got event APPLICATION_INIT for appId application_1550881379159_0001
19/02/22 18:43:49 INFO containermanager.AuxServices: Got APPLICATION_INIT for service mapreduce_shuffle
19/02/22 18:43:50 INFO mapred.ShuffleHandler: Added token for job_1550881379159_0001
19/02/22 18:43:50 INFO container.ContainerImpl: Container container_1550881379159_0001_01_000002 transitioned from LOCALIZING to LOCALIZED
19/02/22 18:43:50 INFO container.ContainerImpl: Container container_1550881379159_0001_01_000002 transitioned from LOCALIZED to RUNNING
19/02/22 18:43:50 INFO util.ProcfsBasedProcessTree: ProcfsBasedProcessTree currently is supported only on Linux.
19/02/22 18:43:50 INFO nodemanager.DefaultContainerExecutor: launchContainer: [C:\work\hadoop-2.7.2\bin\winutils.exe, task, create, -m, -1, -c, -1, container_1550881379159_0001_01_000002, cmd /c /tmp/hadoop-kanth/nm-local-dir/usercache/kanth/appcache/application_1550881379159_0001/container_1550881379159_0001_01_000002/default_container_executor.cmd]
19/02/22 18:43:52 INFO monitor.ContainersMonitorImpl: Starting resource-monitoring for container_1550881379159_0001_01_000002
19/02/22 18:43:52 INFO monitor.ContainersMonitorImpl: Memory usage of ProcessTree container_1550881379159_0001_01_000001 for container-id container_1550881379159_0001_01_000001: 311.9 MB of 2 GB physical memory used; 478.1 MB of 4.2 GB virtual memory used
19/02/22 18:43:52 INFO util.ProcfsBasedProcessTree: ProcfsBasedProcessTree currently is supported only on Linux.
19/02/22 18:43:52 INFO monitor.ContainersMonitorImpl: Memory usage of ProcessTree container_1550881379159_0001_01_000002 for container-id container_1550881379159_0001_01_000002: 124.0 MB of 1 GB physical memory used; 241.8 MB of 2.1 GB virtual memory used
19/02/22 18:43:54 INFO ipc.Server: Auth successful for appattempt_1550881379159_0001_000001 (auth:SIMPLE)
19/02/22 18:43:54 INFO containermanager.ContainerManagerImpl: Stopping container with container Id: container_1550881379159_0001_01_000002
19/02/22 18:43:54 INFO nodemanager.NMAuditLogger: USER=kanth    IP=192.168.1.208        OPERATION=Stop Container Request        TARGET=ContainerManageImpl      RESULT=SUCCESS  APPID=application_1550881379159_0001    CONTAINERID=container_1550881379159_0001_01_000002
19/02/22 18:43:54 INFO container.ContainerImpl: Container container_1550881379159_0001_01_000002 transitioned from RUNNING to KILLING
19/02/22 18:43:54 INFO launcher.ContainerLaunch: Cleaning up container container_1550881379159_0001_01_000002
19/02/22 18:43:54 WARN nodemanager.DefaultContainerExecutor: Exit code from container container_1550881379159_0001_01_000002 is : 137
19/02/22 18:43:54 INFO container.ContainerImpl: Container container_1550881379159_0001_01_000002 transitioned from KILLING to CONTAINER_CLEANEDUP_AFTER_KILL
19/02/22 18:43:54 INFO nodemanager.DefaultContainerExecutor: Deleting absolute path : /tmp/hadoop-kanth/nm-local-dir/usercache/kanth/appcache/application_1550881379159_0001/container_1550881379159_0001_01_000002
19/02/22 18:43:54 INFO nodemanager.NMAuditLogger: USER=kanth    OPERATION=Container Finished - Killed   TARGET=ContainerImpl    RESULT=SUCCESS  APPID=application_1550881379159_0001    CONTAINERID=container_1550881379159_0001_01_000002
19/02/22 18:43:54 INFO container.ContainerImpl: Container container_1550881379159_0001_01_000002 transitioned from CONTAINER_CLEANEDUP_AFTER_KILL to DONE
19/02/22 18:43:54 INFO application.ApplicationImpl: Removing container_1550881379159_0001_01_000002 from application application_1550881379159_0001
19/02/22 18:43:54 INFO util.ProcfsBasedProcessTree: ProcfsBasedProcessTree currently is supported only on Linux.
19/02/22 18:43:54 INFO containermanager.AuxServices: Got event CONTAINER_STOP for appId application_1550881379159_0001
19/02/22 18:43:55 INFO monitor.ContainersMonitorImpl: Stopping resource-monitoring for container_1550881379159_0001_01_000002
19/02/22 18:43:55 INFO monitor.ContainersMonitorImpl: Memory usage of ProcessTree container_1550881379159_0001_01_000001 for container-id container_1550881379159_0001_01_000001: 295.0 MB of 2 GB physical memory used; 468.5 MB of 4.2 GB virtual memory used
19/02/22 18:43:56 INFO ipc.Server: Auth successful for appattempt_1550881379159_0001_000001 (auth:SIMPLE)
19/02/22 18:43:56 INFO containermanager.ContainerManagerImpl: Start request for container_1550881379159_0001_01_000003 by user kanth
19/02/22 18:43:56 INFO nodemanager.NMAuditLogger: USER=kanth    IP=192.168.1.208        OPERATION=Start Container Request       TARGET=ContainerManageImpl      RESULT=SUCCESS  APPID=application_1550881379159_0001    CONTAINERID=container_1550881379159_0001_01_000003
19/02/22 18:43:56 INFO application.ApplicationImpl: Adding container_1550881379159_0001_01_000003 to application application_1550881379159_0001
19/02/22 18:43:56 INFO container.ContainerImpl: Container container_1550881379159_0001_01_000003 transitioned from NEW to LOCALIZING
19/02/22 18:43:56 INFO containermanager.AuxServices: Got event CONTAINER_INIT for appId application_1550881379159_0001
19/02/22 18:43:56 INFO containermanager.AuxServices: Got event APPLICATION_INIT for appId application_1550881379159_0001
19/02/22 18:43:56 INFO containermanager.AuxServices: Got APPLICATION_INIT for service mapreduce_shuffle
19/02/22 18:43:56 INFO mapred.ShuffleHandler: Added token for job_1550881379159_0001
19/02/22 18:43:56 INFO container.ContainerImpl: Container container_1550881379159_0001_01_000003 transitioned from LOCALIZING to LOCALIZED
19/02/22 18:43:57 INFO nodemanager.NodeStatusUpdaterImpl: Removed completed containers from NM context: [container_1550881379159_0001_01_000002]
19/02/22 18:43:57 INFO container.ContainerImpl: Container container_1550881379159_0001_01_000003 transitioned from LOCALIZED to RUNNING
19/02/22 18:43:57 INFO util.ProcfsBasedProcessTree: ProcfsBasedProcessTree currently is supported only on Linux.
19/02/22 18:43:57 INFO nodemanager.DefaultContainerExecutor: launchContainer: [C:\work\hadoop-2.7.2\bin\winutils.exe, task, create, -m, -1, -c, -1, container_1550881379159_0001_01_000003, cmd /c /tmp/hadoop-kanth/nm-local-dir/usercache/kanth/appcache/application_1550881379159_0001/container_1550881379159_0001_01_000003/default_container_executor.cmd]
19/02/22 18:43:58 INFO monitor.ContainersMonitorImpl: Starting resource-monitoring for container_1550881379159_0001_01_000003
19/02/22 18:43:58 INFO monitor.ContainersMonitorImpl: Memory usage of ProcessTree container_1550881379159_0001_01_000001 for container-id container_1550881379159_0001_01_000001: 292.2 MB of 2 GB physical memory used; 456.6 MB of 4.2 GB virtual memory used
19/02/22 18:43:58 INFO util.ProcfsBasedProcessTree: ProcfsBasedProcessTree currently is supported only on Linux.
19/02/22 18:43:58 INFO monitor.ContainersMonitorImpl: Memory usage of ProcessTree container_1550881379159_0001_01_000003 for container-id container_1550881379159_0001_01_000003: 114.7 MB of 1 GB physical memory used; 211.1 MB of 2.1 GB virtual memory used
19/02/22 18:44:00 INFO mapred.ShuffleHandler: Setting connection close header...
19/02/22 18:44:00 INFO ipc.Server: Auth successful for appattempt_1550881379159_0001_000001 (auth:SIMPLE)
19/02/22 18:44:00 INFO containermanager.ContainerManagerImpl: Stopping container with container Id: container_1550881379159_0001_01_000003
19/02/22 18:44:00 INFO nodemanager.NMAuditLogger: USER=kanth    IP=192.168.1.208        OPERATION=Stop Container Request        TARGET=ContainerManageImpl      RESULT=SUCCESS  APPID=application_1550881379159_0001    CONTAINERID=container_1550881379159_0001_01_000003
19/02/22 18:44:00 INFO container.ContainerImpl: Container container_1550881379159_0001_01_000003 transitioned from RUNNING to KILLING
19/02/22 18:44:00 INFO launcher.ContainerLaunch: Cleaning up container container_1550881379159_0001_01_000003
19/02/22 18:44:00 WARN nodemanager.DefaultContainerExecutor: Exit code from container container_1550881379159_0001_01_000003 is : 137
19/02/22 18:44:00 INFO container.ContainerImpl: Container container_1550881379159_0001_01_000003 transitioned from KILLING to CONTAINER_CLEANEDUP_AFTER_KILL
19/02/22 18:44:00 INFO nodemanager.DefaultContainerExecutor: Deleting absolute path : /tmp/hadoop-kanth/nm-local-dir/usercache/kanth/appcache/application_1550881379159_0001/container_1550881379159_0001_01_000003
19/02/22 18:44:00 INFO nodemanager.NMAuditLogger: USER=kanth    OPERATION=Container Finished - Killed   TARGET=ContainerImpl    RESULT=SUCCESS  APPID=application_1550881379159_0001    CONTAINERID=container_1550881379159_0001_01_000003
19/02/22 18:44:00 INFO container.ContainerImpl: Container container_1550881379159_0001_01_000003 transitioned from CONTAINER_CLEANEDUP_AFTER_KILL to DONE
19/02/22 18:44:00 INFO application.ApplicationImpl: Removing container_1550881379159_0001_01_000003 from application application_1550881379159_0001
19/02/22 18:44:00 INFO util.ProcfsBasedProcessTree: ProcfsBasedProcessTree currently is supported only on Linux.
19/02/22 18:44:01 INFO containermanager.AuxServices: Got event CONTAINER_STOP for appId application_1550881379159_0001
19/02/22 18:44:01 INFO monitor.ContainersMonitorImpl: Stopping resource-monitoring for container_1550881379159_0001_01_000003
19/02/22 18:44:01 INFO monitor.ContainersMonitorImpl: Memory usage of ProcessTree container_1550881379159_0001_01_000001 for container-id container_1550881379159_0001_01_000001: 295.5 MB of 2 GB physical memory used; 460.3 MB of 4.2 GB virtual memory used
19/02/22 18:44:05 INFO monitor.ContainersMonitorImpl: Memory usage of ProcessTree container_1550881379159_0001_01_000001 for container-id container_1550881379159_0001_01_000001: 290.6 MB of 2 GB physical memory used; 453.7 MB of 4.2 GB virtual memory used
19/02/22 18:44:07 INFO launcher.ContainerLaunch: Container container_1550881379159_0001_01_000001 succeeded
19/02/22 18:44:07 INFO container.ContainerImpl: Container container_1550881379159_0001_01_000001 transitioned from RUNNING to EXITED_WITH_SUCCESS
19/02/22 18:44:07 INFO launcher.ContainerLaunch: Cleaning up container container_1550881379159_0001_01_000001
19/02/22 18:44:07 INFO nodemanager.DefaultContainerExecutor: Deleting absolute path : /tmp/hadoop-kanth/nm-local-dir/usercache/kanth/appcache/application_1550881379159_0001/container_1550881379159_0001_01_000001
19/02/22 18:44:07 INFO nodemanager.NMAuditLogger: USER=kanth    OPERATION=Container Finished - Succeeded        TARGET=ContainerImpl    RESULT=SUCCESS  APPID=application_1550881379159_0001    CONTAINERID=container_1550881379159_0001_01_000001
19/02/22 18:44:07 INFO container.ContainerImpl: Container container_1550881379159_0001_01_000001 transitioned from EXITED_WITH_SUCCESS to DONE
19/02/22 18:44:07 INFO application.ApplicationImpl: Removing container_1550881379159_0001_01_000001 from application application_1550881379159_0001
19/02/22 18:44:07 INFO util.ProcfsBasedProcessTree: ProcfsBasedProcessTree currently is supported only on Linux.
19/02/22 18:44:07 INFO containermanager.AuxServices: Got event CONTAINER_STOP for appId application_1550881379159_0001
19/02/22 18:44:07 INFO ipc.Server: Auth successful for appattempt_1550881379159_0001_000001 (auth:SIMPLE)
19/02/22 18:44:07 INFO containermanager.ContainerManagerImpl: Stopping container with container Id: container_1550881379159_0001_01_000001
19/02/22 18:44:07 INFO nodemanager.NMAuditLogger: USER=kanth    IP=192.168.1.208        OPERATION=Stop Container Request        TARGET=ContainerManageImpl      RESULT=SUCCESS  APPID=application_1550881379159_0001    CONTAINERID=container_1550881379159_0001_01_000001
19/02/22 18:44:07 INFO nodemanager.NodeStatusUpdaterImpl: Removed completed containers from NM context: [container_1550881379159_0001_01_000001]
19/02/22 18:44:07 INFO application.ApplicationImpl: Application application_1550881379159_0001 transitioned from RUNNING to APPLICATION_RESOURCES_CLEANINGUP
19/02/22 18:44:07 INFO nodemanager.DefaultContainerExecutor: Deleting absolute path : /tmp/hadoop-kanth/nm-local-dir/usercache/kanth/appcache/application_1550881379159_0001
19/02/22 18:44:07 INFO containermanager.AuxServices: Got event APPLICATION_STOP for appId application_1550881379159_0001
19/02/22 18:44:07 INFO application.ApplicationImpl: Application application_1550881379159_0001 transitioned from APPLICATION_RESOURCES_CLEANINGUP to FINISHED
19/02/22 18:44:07 INFO loghandler.NonAggregatingLogHandler: Scheduling Log Deletion for application: application_1550881379159_0001, with delay of 10800 seconds
19/02/22 18:44:08 INFO monitor.ContainersMonitorImpl: Stopping resource-monitoring for container_1550881379159_0001_01_000001
19/02/22 18:56:07 INFO ipc.Server: Auth successful for appattempt_1550881379159_0002_000001 (auth:SIMPLE)
19/02/22 18:56:07 INFO containermanager.ContainerManagerImpl: Start request for container_1550881379159_0002_01_000001 by user kanth
19/02/22 18:56:07 INFO containermanager.ContainerManagerImpl: Creating a new application reference for app application_1550881379159_0002
19/02/22 18:56:07 INFO nodemanager.NMAuditLogger: USER=kanth    IP=192.168.1.208        OPERATION=Start Container Request       TARGET=ContainerManageImpl      RESULT=SUCCESS  APPID=application_1550881379159_0002    CONTAINERID=container_1550881379159_0002_01_000001
19/02/22 18:56:07 INFO application.ApplicationImpl: Application application_1550881379159_0002 transitioned from NEW to INITING
19/02/22 18:56:07 INFO application.ApplicationImpl: Adding container_1550881379159_0002_01_000001 to application application_1550881379159_0002
19/02/22 18:56:07 INFO application.ApplicationImpl: Application application_1550881379159_0002 transitioned from INITING to RUNNING
19/02/22 18:56:07 INFO container.ContainerImpl: Container container_1550881379159_0002_01_000001 transitioned from NEW to LOCALIZING
19/02/22 18:56:07 INFO containermanager.AuxServices: Got event CONTAINER_INIT for appId application_1550881379159_0002
19/02/22 18:56:07 INFO localizer.LocalizedResource: Resource hdfs://localhost:9001/tmp/hadoop-yarn/staging/kanth/.staging/job_1550881379159_0002/job.splitmetainfo transitioned from INIT to DOWNLOADING
19/02/22 18:56:07 INFO localizer.LocalizedResource: Resource hdfs://localhost:9001/tmp/hadoop-yarn/staging/kanth/.staging/job_1550881379159_0002/job.jar transitioned from INIT to DOWNLOADING
19/02/22 18:56:07 INFO localizer.LocalizedResource: Resource hdfs://localhost:9001/tmp/hadoop-yarn/staging/kanth/.staging/job_1550881379159_0002/job.split transitioned from INIT to DOWNLOADING
19/02/22 18:56:07 INFO localizer.LocalizedResource: Resource hdfs://localhost:9001/tmp/hadoop-yarn/staging/kanth/.staging/job_1550881379159_0002/job.xml transitioned from INIT to DOWNLOADING
19/02/22 18:56:07 INFO localizer.ResourceLocalizationService: Created localizer for container_1550881379159_0002_01_000001
19/02/22 18:56:07 INFO localizer.ResourceLocalizationService: Writing credentials to the nmPrivate file /tmp/hadoop-kanth/nm-local-dir/nmPrivate/container_1550881379159_0002_01_000001.tokens. Credentials list:
19/02/22 18:56:07 INFO nodemanager.DefaultContainerExecutor: Initializing user kanth
19/02/22 18:56:07 INFO nodemanager.DefaultContainerExecutor: Copying from /tmp/hadoop-kanth/nm-local-dir/nmPrivate/container_1550881379159_0002_01_000001.tokens to /tmp/hadoop-kanth/nm-local-dir/usercache/kanth/appcache/application_1550881379159_0002/container_1550881379159_0002_01_000001.tokens
19/02/22 18:56:07 INFO nodemanager.DefaultContainerExecutor: Localizer CWD set to /tmp/hadoop-kanth/nm-local-dir/usercache/kanth/appcache/application_1550881379159_0002 = file:/tmp/hadoop-kanth/nm-local-dir/usercache/kanth/appcache/application_1550881379159_0002
19/02/22 18:56:07 INFO localizer.LocalizedResource: Resource hdfs://localhost:9001/tmp/hadoop-yarn/staging/kanth/.staging/job_1550881379159_0002/job.splitmetainfo(->/tmp/hadoop-kanth/nm-local-dir/usercache/kanth/appcache/application_1550881379159_0002/filecache/10/job.splitmetainfo) transitioned from DOWNLOADING to LOCALIZED
19/02/22 18:56:07 INFO localizer.LocalizedResource: Resource hdfs://localhost:9001/tmp/hadoop-yarn/staging/kanth/.staging/job_1550881379159_0002/job.jar(->/tmp/hadoop-kanth/nm-local-dir/usercache/kanth/appcache/application_1550881379159_0002/filecache/11/job.jar) transitioned from DOWNLOADING to LOCALIZED
19/02/22 18:56:07 INFO localizer.LocalizedResource: Resource hdfs://localhost:9001/tmp/hadoop-yarn/staging/kanth/.staging/job_1550881379159_0002/job.split(->/tmp/hadoop-kanth/nm-local-dir/usercache/kanth/appcache/application_1550881379159_0002/filecache/12/job.split) transitioned from DOWNLOADING to LOCALIZED
19/02/22 18:56:08 INFO localizer.LocalizedResource: Resource hdfs://localhost:9001/tmp/hadoop-yarn/staging/kanth/.staging/job_1550881379159_0002/job.xml(->/tmp/hadoop-kanth/nm-local-dir/usercache/kanth/appcache/application_1550881379159_0002/filecache/13/job.xml) transitioned from DOWNLOADING to LOCALIZED
19/02/22 18:56:08 INFO container.ContainerImpl: Container container_1550881379159_0002_01_000001 transitioned from LOCALIZING to LOCALIZED
19/02/22 18:56:08 INFO container.ContainerImpl: Container container_1550881379159_0002_01_000001 transitioned from LOCALIZED to RUNNING
19/02/22 18:56:08 INFO util.ProcfsBasedProcessTree: ProcfsBasedProcessTree currently is supported only on Linux.
19/02/22 18:56:08 INFO nodemanager.DefaultContainerExecutor: launchContainer: [C:\work\hadoop-2.7.2\bin\winutils.exe, task, create, -m, -1, -c, -1, container_1550881379159_0002_01_000001, cmd /c /tmp/hadoop-kanth/nm-local-dir/usercache/kanth/appcache/application_1550881379159_0002/container_1550881379159_0002_01_000001/default_container_executor.cmd]
19/02/22 18:56:09 INFO monitor.ContainersMonitorImpl: Starting resource-monitoring for container_1550881379159_0002_01_000001
19/02/22 18:56:09 INFO util.ProcfsBasedProcessTree: ProcfsBasedProcessTree currently is supported only on Linux.
19/02/22 18:56:09 INFO monitor.ContainersMonitorImpl: Memory usage of ProcessTree container_1550881379159_0002_01_000001 for container-id container_1550881379159_0002_01_000001: 90.2 MB of 2 GB physical memory used; 223.4 MB of 4.2 GB virtual memory used
19/02/22 18:56:12 INFO monitor.ContainersMonitorImpl: Memory usage of ProcessTree container_1550881379159_0002_01_000001 for container-id container_1550881379159_0002_01_000001: 269.5 MB of 2 GB physical memory used; 393.1 MB of 4.2 GB virtual memory used
19/02/22 18:56:15 INFO monitor.ContainersMonitorImpl: Memory usage of ProcessTree container_1550881379159_0002_01_000001 for container-id container_1550881379159_0002_01_000001: 276.6 MB of 2 GB physical memory used; 462.4 MB of 4.2 GB virtual memory used
19/02/22 18:56:15 INFO ipc.Server: Auth successful for appattempt_1550881379159_0002_000001 (auth:SIMPLE)
19/02/22 18:56:15 INFO containermanager.ContainerManagerImpl: Start request for container_1550881379159_0002_01_000002 by user kanth
19/02/22 18:56:15 INFO nodemanager.NMAuditLogger: USER=kanth    IP=192.168.1.208        OPERATION=Start Container Request       TARGET=ContainerManageImpl      RESULT=SUCCESS  APPID=application_1550881379159_0002    CONTAINERID=container_1550881379159_0002_01_000002
19/02/22 18:56:15 INFO application.ApplicationImpl: Adding container_1550881379159_0002_01_000002 to application application_1550881379159_0002
19/02/22 18:56:15 INFO container.ContainerImpl: Container container_1550881379159_0002_01_000002 transitioned from NEW to LOCALIZING
19/02/22 18:56:15 INFO containermanager.AuxServices: Got event CONTAINER_INIT for appId application_1550881379159_0002
19/02/22 18:56:15 INFO containermanager.AuxServices: Got event APPLICATION_INIT for appId application_1550881379159_0002
19/02/22 18:56:15 INFO containermanager.AuxServices: Got APPLICATION_INIT for service mapreduce_shuffle
19/02/22 18:56:15 INFO mapred.ShuffleHandler: Added token for job_1550881379159_0002
19/02/22 18:56:15 INFO container.ContainerImpl: Container container_1550881379159_0002_01_000002 transitioned from LOCALIZING to LOCALIZED
19/02/22 18:56:15 INFO container.ContainerImpl: Container container_1550881379159_0002_01_000002 transitioned from LOCALIZED to RUNNING
19/02/22 18:56:15 INFO util.ProcfsBasedProcessTree: ProcfsBasedProcessTree currently is supported only on Linux.
19/02/22 18:56:15 INFO nodemanager.DefaultContainerExecutor: launchContainer: [C:\work\hadoop-2.7.2\bin\winutils.exe, task, create, -m, -1, -c, -1, container_1550881379159_0002_01_000002, cmd /c /tmp/hadoop-kanth/nm-local-dir/usercache/kanth/appcache/application_1550881379159_0002/container_1550881379159_0002_01_000002/default_container_executor.cmd]
19/02/22 18:56:18 INFO monitor.ContainersMonitorImpl: Starting resource-monitoring for container_1550881379159_0002_01_000002
19/02/22 18:56:18 INFO util.ProcfsBasedProcessTree: ProcfsBasedProcessTree currently is supported only on Linux.
19/02/22 18:56:18 INFO monitor.ContainersMonitorImpl: Memory usage of ProcessTree container_1550881379159_0002_01_000002 for container-id container_1550881379159_0002_01_000002: 263.3 MB of 1 GB physical memory used; 302.8 MB of 2.1 GB virtual memory used
19/02/22 18:56:18 INFO monitor.ContainersMonitorImpl: Memory usage of ProcessTree container_1550881379159_0002_01_000001 for container-id container_1550881379159_0002_01_000001: 283.9 MB of 2 GB physical memory used; 466.5 MB of 4.2 GB virtual memory used
19/02/22 18:56:19 INFO ipc.Server: Auth successful for appattempt_1550881379159_0002_000001 (auth:SIMPLE)
19/02/22 18:56:19 INFO containermanager.ContainerManagerImpl: Stopping container with container Id: container_1550881379159_0002_01_000002
19/02/22 18:56:19 INFO nodemanager.NMAuditLogger: USER=kanth    IP=192.168.1.208        OPERATION=Stop Container Request        TARGET=ContainerManageImpl      RESULT=SUCCESS  APPID=application_1550881379159_0002    CONTAINERID=container_1550881379159_0002_01_000002
19/02/22 18:56:19 INFO container.ContainerImpl: Container container_1550881379159_0002_01_000002 transitioned from RUNNING to KILLING
19/02/22 18:56:19 INFO launcher.ContainerLaunch: Cleaning up container container_1550881379159_0002_01_000002
19/02/22 18:56:19 WARN nodemanager.DefaultContainerExecutor: Exit code from container container_1550881379159_0002_01_000002 is : 137
19/02/22 18:56:19 INFO container.ContainerImpl: Container container_1550881379159_0002_01_000002 transitioned from KILLING to CONTAINER_CLEANEDUP_AFTER_KILL
19/02/22 18:56:19 INFO nodemanager.DefaultContainerExecutor: Deleting absolute path : /tmp/hadoop-kanth/nm-local-dir/usercache/kanth/appcache/application_1550881379159_0002/container_1550881379159_0002_01_000002
19/02/22 18:56:19 INFO nodemanager.NMAuditLogger: USER=kanth    OPERATION=Container Finished - Killed   TARGET=ContainerImpl    RESULT=SUCCESS  APPID=application_1550881379159_0002    CONTAINERID=container_1550881379159_0002_01_000002
19/02/22 18:56:19 INFO container.ContainerImpl: Container container_1550881379159_0002_01_000002 transitioned from CONTAINER_CLEANEDUP_AFTER_KILL to DONE
19/02/22 18:56:19 INFO application.ApplicationImpl: Removing container_1550881379159_0002_01_000002 from application application_1550881379159_0002
19/02/22 18:56:19 INFO util.ProcfsBasedProcessTree: ProcfsBasedProcessTree currently is supported only on Linux.
19/02/22 18:56:19 INFO containermanager.AuxServices: Got event CONTAINER_STOP for appId application_1550881379159_0002
19/02/22 18:56:21 INFO ipc.Server: Auth successful for appattempt_1550881379159_0002_000001 (auth:SIMPLE)
19/02/22 18:56:21 INFO containermanager.ContainerManagerImpl: Start request for container_1550881379159_0002_01_000003 by user kanth
19/02/22 18:56:21 INFO nodemanager.NMAuditLogger: USER=kanth    IP=192.168.1.208        OPERATION=Start Container Request       TARGET=ContainerManageImpl      RESULT=SUCCESS  APPID=application_1550881379159_0002    CONTAINERID=container_1550881379159_0002_01_000003
19/02/22 18:56:21 INFO application.ApplicationImpl: Adding container_1550881379159_0002_01_000003 to application application_1550881379159_0002
19/02/22 18:56:21 INFO container.ContainerImpl: Container container_1550881379159_0002_01_000003 transitioned from NEW to LOCALIZING
19/02/22 18:56:21 INFO containermanager.AuxServices: Got event CONTAINER_INIT for appId application_1550881379159_0002
19/02/22 18:56:21 INFO containermanager.AuxServices: Got event APPLICATION_INIT for appId application_1550881379159_0002
19/02/22 18:56:21 INFO containermanager.AuxServices: Got APPLICATION_INIT for service mapreduce_shuffle
19/02/22 18:56:21 INFO mapred.ShuffleHandler: Added token for job_1550881379159_0002
19/02/22 18:56:21 INFO container.ContainerImpl: Container container_1550881379159_0002_01_000003 transitioned from LOCALIZING to LOCALIZED
19/02/22 18:56:21 INFO container.ContainerImpl: Container container_1550881379159_0002_01_000003 transitioned from LOCALIZED to RUNNING
19/02/22 18:56:21 INFO util.ProcfsBasedProcessTree: ProcfsBasedProcessTree currently is supported only on Linux.
19/02/22 18:56:21 INFO nodemanager.DefaultContainerExecutor: launchContainer: [C:\work\hadoop-2.7.2\bin\winutils.exe, task, create, -m, -1, -c, -1, container_1550881379159_0002_01_000003, cmd /c /tmp/hadoop-kanth/nm-local-dir/usercache/kanth/appcache/application_1550881379159_0002/container_1550881379159_0002_01_000003/default_container_executor.cmd]
19/02/22 18:56:21 INFO monitor.ContainersMonitorImpl: Starting resource-monitoring for container_1550881379159_0002_01_000003
19/02/22 18:56:21 INFO monitor.ContainersMonitorImpl: Stopping resource-monitoring for container_1550881379159_0002_01_000002
19/02/22 18:56:21 INFO monitor.ContainersMonitorImpl: Memory usage of ProcessTree container_1550881379159_0002_01_000001 for container-id container_1550881379159_0002_01_000001: 297.8 MB of 2 GB physical memory used; 478.9 MB of 4.2 GB virtual memory used
19/02/22 18:56:22 INFO nodemanager.NodeStatusUpdaterImpl: Removed completed containers from NM context: [container_1550881379159_0002_01_000002]
19/02/22 18:56:24 INFO mapred.ShuffleHandler: Setting connection close header...
19/02/22 18:56:24 INFO util.ProcfsBasedProcessTree: ProcfsBasedProcessTree currently is supported only on Linux.
19/02/22 18:56:24 INFO ipc.Server: Auth successful for appattempt_1550881379159_0002_000001 (auth:SIMPLE)
19/02/22 18:56:24 INFO containermanager.ContainerManagerImpl: Stopping container with container Id: container_1550881379159_0002_01_000003
19/02/22 18:56:24 INFO container.ContainerImpl: Container container_1550881379159_0002_01_000003 transitioned from RUNNING to KILLING
19/02/22 18:56:24 INFO nodemanager.NMAuditLogger: USER=kanth    IP=192.168.1.208        OPERATION=Stop Container Request        TARGET=ContainerManageImpl      RESULT=SUCCESS  APPID=application_1550881379159_0002    CONTAINERID=container_1550881379159_0002_01_000003
19/02/22 18:56:24 INFO launcher.ContainerLaunch: Cleaning up container container_1550881379159_0002_01_000003
19/02/22 18:56:25 INFO monitor.ContainersMonitorImpl: Memory usage of ProcessTree container_1550881379159_0002_01_000003 for container-id container_1550881379159_0002_01_000003: 180.2 MB of 1 GB physical memory used; 235.1 MB of 2.1 GB virtual memory used
19/02/22 18:56:25 WARN nodemanager.DefaultContainerExecutor: Exit code from container container_1550881379159_0002_01_000003 is : 137
19/02/22 18:56:25 INFO monitor.ContainersMonitorImpl: Memory usage of ProcessTree container_1550881379159_0002_01_000001 for container-id container_1550881379159_0002_01_000001: 298.3 MB of 2 GB physical memory used; 467.0 MB of 4.2 GB virtual memory used
19/02/22 18:56:25 INFO container.ContainerImpl: Container container_1550881379159_0002_01_000003 transitioned from KILLING to CONTAINER_CLEANEDUP_AFTER_KILL
19/02/22 18:56:25 INFO nodemanager.DefaultContainerExecutor: Deleting absolute path : /tmp/hadoop-kanth/nm-local-dir/usercache/kanth/appcache/application_1550881379159_0002/container_1550881379159_0002_01_000003
19/02/22 18:56:25 INFO nodemanager.NMAuditLogger: USER=kanth    OPERATION=Container Finished - Killed   TARGET=ContainerImpl    RESULT=SUCCESS  APPID=application_1550881379159_0002    CONTAINERID=container_1550881379159_0002_01_000003
19/02/22 18:56:25 INFO container.ContainerImpl: Container container_1550881379159_0002_01_000003 transitioned from CONTAINER_CLEANEDUP_AFTER_KILL to DONE
19/02/22 18:56:25 INFO application.ApplicationImpl: Removing container_1550881379159_0002_01_000003 from application application_1550881379159_0002
19/02/22 18:56:25 INFO util.ProcfsBasedProcessTree: ProcfsBasedProcessTree currently is supported only on Linux.
19/02/22 18:56:25 INFO containermanager.AuxServices: Got event CONTAINER_STOP for appId application_1550881379159_0002
19/02/22 18:56:28 INFO monitor.ContainersMonitorImpl: Stopping resource-monitoring for container_1550881379159_0002_01_000003
19/02/22 18:56:28 INFO monitor.ContainersMonitorImpl: Memory usage of ProcessTree container_1550881379159_0002_01_000001 for container-id container_1550881379159_0002_01_000001: 296.7 MB of 2 GB physical memory used; 463.8 MB of 4.2 GB virtual memory used
19/02/22 18:56:31 INFO monitor.ContainersMonitorImpl: Memory usage of ProcessTree container_1550881379159_0002_01_000001 for container-id container_1550881379159_0002_01_000001: 293.3 MB of 2 GB physical memory used; 460.5 MB of 4.2 GB virtual memory used
19/02/22 18:56:31 INFO launcher.ContainerLaunch: Container container_1550881379159_0002_01_000001 succeeded
19/02/22 18:56:31 INFO container.ContainerImpl: Container container_1550881379159_0002_01_000001 transitioned from RUNNING to EXITED_WITH_SUCCESS
19/02/22 18:56:31 INFO launcher.ContainerLaunch: Cleaning up container container_1550881379159_0002_01_000001
19/02/22 18:56:31 INFO nodemanager.DefaultContainerExecutor: Deleting absolute path : /tmp/hadoop-kanth/nm-local-dir/usercache/kanth/appcache/application_1550881379159_0002/container_1550881379159_0002_01_000001
19/02/22 18:56:31 INFO nodemanager.NMAuditLogger: USER=kanth    OPERATION=Container Finished - Succeeded        TARGET=ContainerImpl    RESULT=SUCCESS  APPID=application_1550881379159_0002    CONTAINERID=container_1550881379159_0002_01_000001
19/02/22 18:56:31 INFO container.ContainerImpl: Container container_1550881379159_0002_01_000001 transitioned from EXITED_WITH_SUCCESS to DONE
19/02/22 18:56:31 INFO application.ApplicationImpl: Removing container_1550881379159_0002_01_000001 from application application_1550881379159_0002
19/02/22 18:56:31 INFO util.ProcfsBasedProcessTree: ProcfsBasedProcessTree currently is supported only on Linux.
19/02/22 18:56:31 INFO containermanager.AuxServices: Got event CONTAINER_STOP for appId application_1550881379159_0002
19/02/22 18:56:32 INFO ipc.Server: Auth successful for appattempt_1550881379159_0002_000001 (auth:SIMPLE)
19/02/22 18:56:32 INFO containermanager.ContainerManagerImpl: Stopping container with container Id: container_1550881379159_0002_01_000001
19/02/22 18:56:32 INFO nodemanager.NMAuditLogger: USER=kanth    IP=192.168.1.208        OPERATION=Stop Container Request        TARGET=ContainerManageImpl      RESULT=SUCCESS  APPID=application_1550881379159_0002    CONTAINERID=container_1550881379159_0002_01_000001
19/02/22 18:56:32 INFO nodemanager.NodeStatusUpdaterImpl: Removed completed containers from NM context: [container_1550881379159_0002_01_000001]
19/02/22 18:56:32 INFO application.ApplicationImpl: Application application_1550881379159_0002 transitioned from RUNNING to APPLICATION_RESOURCES_CLEANINGUP
19/02/22 18:56:32 INFO nodemanager.DefaultContainerExecutor: Deleting absolute path : /tmp/hadoop-kanth/nm-local-dir/usercache/kanth/appcache/application_1550881379159_0002
19/02/22 18:56:32 INFO containermanager.AuxServices: Got event APPLICATION_STOP for appId application_1550881379159_0002
19/02/22 18:56:32 INFO application.ApplicationImpl: Application application_1550881379159_0002 transitioned from APPLICATION_RESOURCES_CLEANINGUP to FINISHED
19/02/22 18:56:32 INFO loghandler.NonAggregatingLogHandler: Scheduling Log Deletion for application: application_1550881379159_0002, with delay of 10800 seconds
19/02/22 18:56:34 INFO monitor.ContainersMonitorImpl: Stopping resource-monitoring for container_1550881379159_0002_01_000001